Getting driver for host: LOCALHOST
Getting driver for browser: CHROME
Using chromedriver 107.0.5304.62 (resolved driver for Chrome 107)
Reading https://chromedriver.storage.googleapis.com/ to seek chromedriver
Downloading https://chromedriver.storage.googleapis.com/107.0.5304.62/chromedriver_mac64.zip
Extracting driver from compressed file chromedriver_mac64.zip
Exporting webdriver.chrome.driver as /Users/nirantpatel/.cache/selenium/chromedriver/mac64/107.0.5304.62/chromedriver
Step 9: Log is --> About this item
Getting driver for host: LOCALHOST
Getting driver for browser: CHROME
Using chromedriver 107.0.5304.62 (resolved driver for Chrome 107)
Exporting webdriver.chrome.driver as /Users/nirantpatel/.cache/selenium/chromedriver/mac64/107.0.5304.62/chromedriver
Getting driver for host: LOCALHOST
Getting driver for browser: CHROME
Using chromedriver 107.0.5304.62 (resolved driver for Chrome 107)
Exporting webdriver.chrome.driver as /Users/nirantpatel/.cache/selenium/chromedriver/mac64/107.0.5304.62/chromedriver
Getting driver for host: LOCALHOST
Getting driver for browser: CHROME
Using chromedriver 107.0.5304.62 (resolved driver for Chrome 107)
Exporting webdriver.chrome.driver as /Users/nirantpatel/.cache/selenium/chromedriver/mac64/107.0.5304.62/chromedriver
Step 9: Log is --> About this item
Getting driver for host: LOCALHOST
Getting driver for browser: CHROME
Using chromedriver 107.0.5304.62 (resolved driver for Chrome 107)
Exporting webdriver.chrome.driver as /Users/nirantpatel/.cache/selenium/chromedriver/mac64/107.0.5304.62/chromedriver
Step 9: Log is --> About this item
onError
java.net.SocketException: Connection reset
	at java.base/sun.nio.ch.SocketChannelImpl.throwConnectionReset(SocketChannelImpl.java:394)
	at java.base/sun.nio.ch.SocketChannelImpl.read(SocketChannelImpl.java:426)
	at io.netty.buffer.PooledByteBuf.setBytes(PooledByteBuf.java:253)
	at io.netty.buffer.AbstractByteBuf.writeBytes(AbstractByteBuf.java:1132)
	at io.netty.channel.socket.nio.NioSocketChannel.doReadBytes(NioSocketChannel.java:350)
	at io.netty.channel.nio.AbstractNioByteChannel$NioByteUnsafe.read(AbstractNioByteChannel.java:151)
	at io.netty.channel.nio.NioEventLoop.processSelectedKey(NioEventLoop.java:719)
	at io.netty.channel.nio.NioEventLoop.processSelectedKeysOptimized(NioEventLoop.java:655)
	at io.netty.channel.nio.NioEventLoop.processSelectedKeys(NioEventLoop.java:581)
	at io.netty.channel.nio.NioEventLoop.run(NioEventLoop.java:493)
	at io.netty.util.concurrent.SingleThreadEventExecutor$4.run(SingleThreadEventExecutor.java:986)
	at io.netty.util.internal.ThreadExecutorMap$2.run(ThreadExecutorMap.java:74)
	at io.netty.util.concurrent.FastThreadLocalRunnable.run(FastThreadLocalRunnable.java:30)
	at java.base/java.lang.Thread.run(Thread.java:833)
Getting driver for host: LOCALHOST
Getting driver for browser: CHROME
Using chromedriver 107.0.5304.62 (resolved driver for Chrome 107)
Exporting webdriver.chrome.driver as /Users/nirantpatel/.cache/selenium/chromedriver/mac64/107.0.5304.62/chromedriver
Getting driver for host: LOCALHOST
Getting driver for browser: CHROME
Using chromedriver 107.0.5304.62 (resolved driver for Chrome 107)
Exporting webdriver.chrome.driver as /Users/nirantpatel/.cache/selenium/chromedriver/mac64/107.0.5304.62/chromedriver
Getting driver for host: LOCALHOST
Getting driver for browser: CHROME
Using chromedriver 107.0.5304.62 (resolved driver for Chrome 107)
Reading https://chromedriver.storage.googleapis.com/ to seek chromedriver
Downloading https://chromedriver.storage.googleapis.com/107.0.5304.62/chromedriver_mac64.zip
Extracting driver from compressed file chromedriver_mac64.zip
Exporting webdriver.chrome.driver as /Users/harshdave/.cache/selenium/chromedriver/mac64/107.0.5304.62/chromedriver
Step 9: Log is --> About this item
Getting driver for host: LOCALHOST
Getting driver for browser: CHROME
Using chromedriver 107.0.5304.62 (resolved driver for Chrome 107)
Exporting webdriver.chrome.driver as /Users/harshdave/.cache/selenium/chromedriver/mac64/107.0.5304.62/chromedriver
Step 9: Log is --> About this item
Getting driver for host: LOCALHOST
Getting driver for browser: CHROME
Using chromedriver 107.0.5304.62 (resolved driver for Chrome 107)
Exporting webdriver.chrome.driver as /Users/harshdave/.cache/selenium/chromedriver/mac64/107.0.5304.62/chromedriver
Step 9: Log is --> About this item
Getting driver for host: LOCALHOST
Getting driver for browser: CHROME
Using chromedriver 107.0.5304.62 (resolved driver for Chrome 107)
Exporting webdriver.chrome.driver as /Users/harshdave/.cache/selenium/chromedriver/mac64/107.0.5304.62/chromedriver
Step 9: Log is --> About this item
Getting driver for host: LOCALHOST
Getting driver for browser: CHROME
Using chromedriver 107.0.5304.62 (resolved driver for Chrome 107)
Exporting webdriver.chrome.driver as /Users/harshdave/.cache/selenium/chromedriver/mac64/107.0.5304.62/chromedriver
Step 9: Log is --> About this item
Getting driver for host: LOCALHOST
Getting driver for browser: CHROME
Using chromedriver 107.0.5304.62 (resolved driver for Chrome 107)
Exporting webdriver.chrome.driver as /Users/harshdave/.cache/selenium/chromedriver/mac64/107.0.5304.62/chromedriver
Getting driver for host: LOCALHOST
Getting driver for browser: CHROME
Using chromedriver 107.0.5304.62 (resolved driver for Chrome 107)
Exporting webdriver.chrome.driver as /Users/harshdave/.cache/selenium/chromedriver/mac64/107.0.5304.62/chromedriver
Step 9: Log is --> About this item
Getting driver for host: LOCALHOST
Getting driver for browser: CHROME
Using chromedriver 107.0.5304.62 (resolved driver for Chrome 107)
Reading https://chromedriver.storage.googleapis.com/ to seek chromedriver
Downloading https://chromedriver.storage.googleapis.com/107.0.5304.62/chromedriver_mac64.zip
Extracting driver from compressed file chromedriver_mac64.zip
Exporting webdriver.chrome.driver as /Users/nirantpatel/.cache/selenium/chromedriver/mac64/107.0.5304.62/chromedriver
Getting driver for host: LOCALHOST
Getting driver for browser: CHROME
Using chromedriver 107.0.5304.62 (resolved driver for Chrome 107)
Exporting webdriver.chrome.driver as /Users/nirantpatel/.cache/selenium/chromedriver/mac64/107.0.5304.62/chromedriver
Step 9: Log is --> About this item
onError
java.net.SocketException: Connection reset
	at java.base/sun.nio.ch.SocketChannelImpl.throwConnectionReset(SocketChannelImpl.java:394)
	at java.base/sun.nio.ch.SocketChannelImpl.read(SocketChannelImpl.java:426)
	at io.netty.buffer.PooledByteBuf.setBytes(PooledByteBuf.java:253)
	at io.netty.buffer.AbstractByteBuf.writeBytes(AbstractByteBuf.java:1132)
	at io.netty.channel.socket.nio.NioSocketChannel.doReadBytes(NioSocketChannel.java:350)
	at io.netty.channel.nio.AbstractNioByteChannel$NioByteUnsafe.read(AbstractNioByteChannel.java:151)
	at io.netty.channel.nio.NioEventLoop.processSelectedKey(NioEventLoop.java:719)
	at io.netty.channel.nio.NioEventLoop.processSelectedKeysOptimized(NioEventLoop.java:655)
	at io.netty.channel.nio.NioEventLoop.processSelectedKeys(NioEventLoop.java:581)
	at io.netty.channel.nio.NioEventLoop.run(NioEventLoop.java:493)
	at io.netty.util.concurrent.SingleThreadEventExecutor$4.run(SingleThreadEventExecutor.java:986)
	at io.netty.util.internal.ThreadExecutorMap$2.run(ThreadExecutorMap.java:74)
	at io.netty.util.concurrent.FastThreadLocalRunnable.run(FastThreadLocalRunnable.java:30)
	at java.base/java.lang.Thread.run(Thread.java:833)
Getting driver for host: LOCALHOST
Getting driver for browser: CHROME
Using chromedriver 107.0.5304.62 (resolved driver for Chrome 107)
Exporting webdriver.chrome.driver as /Users/nirantpatel/.cache/selenium/chromedriver/mac64/107.0.5304.62/chromedriver
Getting driver for host: LOCALHOST
Getting driver for browser: CHROME
Using chromedriver 107.0.5304.62 (resolved driver for Chrome 107)
Exporting webdriver.chrome.driver as /Users/nirantpatel/.cache/selenium/chromedriver/mac64/107.0.5304.62/chromedriver
Getting driver for host: LOCALHOST
Getting driver for browser: CHROME
Using chromedriver 107.0.5304.62 (resolved driver for Chrome 107)
Exporting webdriver.chrome.driver as /Users/nirantpatel/.cache/selenium/chromedriver/mac64/107.0.5304.62/chromedriver
Step 9: Log is --> About this item
onError
java.net.SocketException: Connection reset
	at java.base/sun.nio.ch.SocketChannelImpl.throwConnectionReset(SocketChannelImpl.java:394)
	at java.base/sun.nio.ch.SocketChannelImpl.read(SocketChannelImpl.java:426)
	at io.netty.buffer.PooledByteBuf.setBytes(PooledByteBuf.java:253)
	at io.netty.buffer.AbstractByteBuf.writeBytes(AbstractByteBuf.java:1132)
	at io.netty.channel.socket.nio.NioSocketChannel.doReadBytes(NioSocketChannel.java:350)
	at io.netty.channel.nio.AbstractNioByteChannel$NioByteUnsafe.read(AbstractNioByteChannel.java:151)
	at io.netty.channel.nio.NioEventLoop.processSelectedKey(NioEventLoop.java:719)
	at io.netty.channel.nio.NioEventLoop.processSelectedKeysOptimized(NioEventLoop.java:655)
	at io.netty.channel.nio.NioEventLoop.processSelectedKeys(NioEventLoop.java:581)
	at io.netty.channel.nio.NioEventLoop.run(NioEventLoop.java:493)
	at io.netty.util.concurrent.SingleThreadEventExecutor$4.run(SingleThreadEventExecutor.java:986)
	at io.netty.util.internal.ThreadExecutorMap$2.run(ThreadExecutorMap.java:74)
	at io.netty.util.concurrent.FastThreadLocalRunnable.run(FastThreadLocalRunnable.java:30)
	at java.base/java.lang.Thread.run(Thread.java:833)
